#
# A fatal error has been detected by the Java Runtime Environment:
#
#  EXCEPTION_ACCESS_VIOLATION (0xc0000005) at pc=0x00007ffc70ae990c, pid=5796, tid=0x0000000000002e60
#
# JRE version: OpenJDK Runtime Environment (8.0_402-b06) (build 1.8.0_402-b06)
# Java VM: OpenJDK 64-Bit Server VM (25.402-b06 mixed mode windows-amd64 compressed oops)
# Problematic frame:
# C  [ig11icd64.dll+0x5f990c]
#
# Failed to write core dump. Minidumps are not enabled by default on client versions of Windows
#
# If you would like to submit a bug report, please visit:
#   https://github.com/adoptium/adoptium-support/issues
#

---------------  T H R E A D  ---------------

Current thread (0x0000020a5a7b6800):  VMThread [stack: 0x000000c920a00000,0x000000c920b00000] [id=11872]

siginfo: ExceptionCode=0xc0000005, reading address 0x0000000000035788

Registers:
RAX=0x0000020a5e1ec2f8, RBX=0x0000020a5e1ec1f0, RCX=0x0000000000000000, RDX=0x0000020a5d319460
RSP=0x000000c920afe690, RBP=0x0000020a5e1e6fe0, RSI=0x0000020a5e1ec7c0, RDI=0x0000020a5c41ca90
R8 =0x0000000000000014, R9 =0x0000020a5e1ec2f8, R10=0x0000000000000000, R11=0x0000000000000246
R12=0x0000020a5d529c00, R13=0x0000000000000000, R14=0x0000000000000000, R15=0x0000000000000000
RIP=0x00007ffc70ae990c, EFLAGS=0x0000000000010202

Top of Stack: (sp=0x000000c920afe690)
0x000000c920afe690:   0000020a5d03f610 0000000000000000
0x000000c920afe6a0:   000000c920afe6d8 0000005400000000
0x000000c920afe6b0:   0000000000000012 0000000000000000
0x000000c920afe6c0:   0000b80200000000 0000020a5d529ce0
0x000000c920afe6d0:   0000000000000000 00007ffc70acaaed
0x000000c920afe6e0:   0000020a5d03f610 0000020a5c41ca90
0x000000c920afe6f0:   000000c920afe7e0 00000000000000b2
0x000000c920afe700:   000000c900003204 0000020a00000000
0x000000c920afe710:   0000000000000000 00007ffcb0e0d471
0x000000c920afe720:   0000000000000002 000000c920afe7a0
0x000000c920afe730:   000000c920afe7a0 0000000000000000
0x000000c920afe740:   000000c920afe76c 000000c920afe768
0x000000c920afe750:   000000c920090000 0000020a4469177c
0x000000c920afe760:   000004b400000020 00000001f46857d4
0x000000c920afe770:   000000c920090000 0000020a4469177c
0x000000c920afe780:   0000000300000020 0000000000000000 

Instructions: (pc=0x00007ffc70ae990c)
0x00007ffc70ae98ec:   8b c1 83 e0 0f 48 8d 04 c0 49 8d 04 c1 48 85 c0
0x00007ffc70ae98fc:   74 0c 48 8b 48 08 eb 08 48 83 c0 08 eb ef 33 c9
0x00007ffc70ae990c:   49 3b 8e 88 57 03 00 76 51 48 8b 87 78 02 00 00
0x00007ffc70ae991c:   48 89 06 48 89 9f 78 02 00 00 ff 87 80 02 00 00 


Register to memory mapping:

RAX=0x0000020a5e1ec2f8 is an unknown value
RBX=0x0000020a5e1ec1f0 is an unknown value
RCX=0x0000000000000000 is an unknown value
RDX=0x0000020a5d319460 is an unknown value
RSP=0x000000c920afe690 is an unknown value
RBP=0x0000020a5e1e6fe0 is an unknown value
RSI=0x0000020a5e1ec7c0 is an unknown value
RDI=0x0000020a5c41ca90 is an unknown value
R8 =0x0000000000000014 is an unknown value
R9 =0x0000020a5e1ec2f8 is an unknown value
R10=0x0000000000000000 is an unknown value
R11=0x0000000000000246 is an unknown value
R12=0x0000020a5d529c00 is an unknown value
R13=0x0000000000000000 is an unknown value
R14=0x0000000000000000 is an unknown value
R15=0x0000000000000000 is an unknown value


Stack: [0x000000c920a00000,0x000000c920b00000],  sp=0x000000c920afe690,  free space=1017k
Native frames: (J=compiled Java code, j=interpreted, Vv=VM code, C=native code)
C  [ig11icd64.dll+0x5f990c]
C  [ig11icd64.dll+0x5daaed]
C  [ig11icd64.dll+0x6d43cf]
C  [ig11icd64.dll+0x6391e8]
C  [ig11icd64.dll+0x6d0989]
C  [ig11icd64.dll+0x5d5b30]
C  [ig11icd64.dll+0x5d5979]
C  [ig11icd64.dll+0x585dfb]
C  [ntdll.dll+0x28b7f]
C  [ntdll.dll+0x51586]
C  [ntdll.dll+0x5117d]
C  [KERNEL32.DLL+0x17fab]
C  [ucrtbase.dll+0x1bed8]
C  [ucrtbase.dll+0x1c099]
V  [jvm.dll+0x1e8fb5]
V  [jvm.dll+0x2246f6]
V  [jvm.dll+0x224c94]
V  [jvm.dll+0x223254]
V  [jvm.dll+0x223a2f]
V  [jvm.dll+0x223d34]
V  [jvm.dll+0x26d5ec]
C  [ucrtbase.dll+0x29333]
C  [KERNEL32.DLL+0x1257d]
C  [ntdll.dll+0x5af28]

VM_Operation (0x000000c9205ff060): Exit, mode: safepoint, requested by thread 0x0000020a4494d800


---------------  P R O C E S S  ---------------

Java Threads: ( => current thread )
  0x0000020a5c69f800 JavaThread "com.google.inject.internal.util.$Finalizer" daemon [_thread_blocked, id=8812, stack(0x000000c921500000,0x000000c921600000)]
  0x0000020a5c6a4000 JavaThread "EMF Reference Cleaner" daemon [_thread_blocked, id=3220, stack(0x000000c921400000,0x000000c921500000)]
  0x0000020a5a8b7800 JavaThread "Service Thread" daemon [_thread_blocked, id=16244, stack(0x000000c921200000,0x000000c921300000)]
  0x0000020a5a821800 JavaThread "C1 CompilerThread2" daemon [_thread_blocked, id=9828, stack(0x000000c921100000,0x000000c921200000)]
  0x0000020a5a816800 JavaThread "C2 CompilerThread1" daemon [_thread_blocked, id=12420, stack(0x000000c921000000,0x000000c921100000)]
  0x0000020a5a814800 JavaThread "C2 CompilerThread0" daemon [_thread_blocked, id=16344, stack(0x000000c920f00000,0x000000c921000000)]
  0x0000020a5a80d000 JavaThread "Attach Listener" daemon [_thread_blocked, id=15864, stack(0x000000c920e00000,0x000000c920f00000)]
  0x0000020a5a80b800 JavaThread "Signal Dispatcher" daemon [_thread_blocked, id=9772, stack(0x000000c920d00000,0x000000c920e00000)]
  0x0000020a5a7e5800 JavaThread "Finalizer" daemon [_thread_blocked, id=1724, stack(0x000000c920c00000,0x000000c920d00000)]
  0x0000020a5a7de000 JavaThread "Reference Handler" daemon [_thread_blocked, id=15072, stack(0x000000c920b00000,0x000000c920c00000)]
  0x0000020a4494d800 JavaThread "main" [_thread_blocked, id=2024, stack(0x000000c920500000,0x000000c920600000)]

Other Threads:
=>0x0000020a5a7b6800 VMThread [stack: 0x000000c920a00000,0x000000c920b00000] [id=11872]

VM state:at safepoint (shutting down)

VM Mutex/Monitor currently owned by a thread:  ([mutex/lock_event])
[0x0000020a44947570] Threads_lock - owner thread: 0x0000020a5a7b6800

heap address: 0x0000000084000000, size: 1984 MB, Compressed Oops mode: 32-bit
Narrow klass base: 0x0000000000000000, Narrow klass shift: 3
Compressed class space size: 1073741824 Address: 0x0000000100000000

Heap:
 PSYoungGen      total 132096K, used 29884K [0x00000000d6b00000, 0x00000000df100000, 0x0000000100000000)
  eden space 126976K, 23% used [0x00000000d6b00000,0x00000000d882f390,0x00000000de700000)
  from space 5120K, 0% used [0x00000000dec00000,0x00000000dec00000,0x00000000df100000)
  to   space 5120K, 0% used [0x00000000de700000,0x00000000de700000,0x00000000dec00000)
 ParOldGen       total 84480K, used 23644K [0x0000000084000000, 0x0000000089280000, 0x00000000d6b00000)
  object space 84480K, 27% used [0x0000000084000000,0x00000000857173c8,0x0000000089280000)
 Metaspace       used 23886K, capacity 24125K, committed 24320K, reserved 1071104K
  class space    used 2886K, capacity 2983K, committed 3072K, reserved 1048576K

Card table byte_map: [0x0000020a55570000,0x0000020a55960000] byte_map_base: 0x0000020a55150000

Marking Bits: (ParMarkBitMap*) 0x000000005a230850
 Begin Bits: [0x0000020a55c00000, 0x0000020a57b00000)
 End Bits:   [0x0000020a57b00000, 0x0000020a59a00000)

Polling page: 0x0000020a448c0000

CodeCache: size=245760Kb used=10471Kb max_used=10476Kb free=235288Kb
 bounds [0x0000020a461b0000, 0x0000020a46c00000, 0x0000020a551b0000]
 total_blobs=3936 nmethods=3338 adapters=509
 compilation: enabled

Compilation events (10 events):
Event: 3.624 Thread 0x0000020a5a821800 nmethod 3354 0x0000020a46bf0e90 code [0x0000020a46bf0fe0, 0x0000020a46bf10f8]
Event: 3.628 Thread 0x0000020a5a816800 nmethod 3353 0x0000020a46bf4290 code [0x0000020a46bf43e0, 0x0000020a46bf4918]
Event: 3.629 Thread 0x0000020a5a821800 3355       3       com.badlogic.gdx.utils.Array::add (48 bytes)
Event: 3.630 Thread 0x0000020a5a821800 nmethod 3355 0x0000020a46bf3a90 code [0x0000020a46bf3c40, 0x0000020a46bf40f0]
Event: 3.653 Thread 0x0000020a5a821800 3356   !   3       java.nio.CharBuffer::wrap (20 bytes)
Event: 3.654 Thread 0x0000020a5a821800 nmethod 3356 0x0000020a46bf3290 code [0x0000020a46bf3420, 0x0000020a46bf3800]
Event: 3.654 Thread 0x0000020a5a821800 3357       3       java.nio.HeapCharBuffer::<init> (14 bytes)
Event: 3.654 Thread 0x0000020a5a821800 nmethod 3357 0x0000020a46bf2d90 code [0x0000020a46bf2f00, 0x0000020a46bf3150]
Event: 3.654 Thread 0x0000020a5a821800 3358       3       org.uqbar.project.wollok.model.WMethodContainerExtensions$21::apply (9 bytes)
Event: 3.654 Thread 0x0000020a5a821800 nmethod 3358 0x0000020a46bf2710 code [0x0000020a46bf28a0, 0x0000020a46bf2c70]

GC Heap History (10 events):
Event: 0.693 GC heap before
{Heap before GC invocations=1 (full 0):
 PSYoungGen      total 36864K, used 31744K [0x00000000d6b00000, 0x00000000d9400000, 0x0000000100000000)
  eden space 31744K, 100% used [0x00000000d6b00000,0x00000000d8a00000,0x00000000d8a00000)
  from space 5120K, 0% used [0x00000000d8f00000,0x00000000d8f00000,0x00000000d9400000)
  to   space 5120K, 0% used [0x00000000d8a00000,0x00000000d8a00000,0x00000000d8f00000)
 ParOldGen       total 84992K, used 0K [0x0000000084000000, 0x0000000089300000, 0x00000000d6b00000)
  object space 84992K, 0% used [0x0000000084000000,0x0000000084000000,0x0000000089300000)
 Metaspace       used 7246K, capacity 7402K, committed 7552K, reserved 1056768K
  class space    used 791K, capacity 869K, committed 896K, reserved 1048576K
Event: 0.702 GC heap after
Heap after GC invocations=1 (full 0):
 PSYoungGen      total 36864K, used 5105K [0x00000000d6b00000, 0x00000000db300000, 0x0000000100000000)
  eden space 31744K, 0% used [0x00000000d6b00000,0x00000000d6b00000,0x00000000d8a00000)
  from space 5120K, 99% used [0x00000000d8a00000,0x00000000d8efc578,0x00000000d8f00000)
  to   space 5120K, 0% used [0x00000000dae00000,0x00000000dae00000,0x00000000db300000)
 ParOldGen       total 84992K, used 2584K [0x0000000084000000, 0x0000000089300000, 0x00000000d6b00000)
  object space 84992K, 3% used [0x0000000084000000,0x00000000842861a8,0x0000000089300000)
 Metaspace       used 7246K, capacity 7402K, committed 7552K, reserved 1056768K
  class space    used 791K, capacity 869K, committed 896K, reserved 1048576K
}
Event: 0.964 GC heap before
{Heap before GC invocations=2 (full 0):
 PSYoungGen      total 36864K, used 36849K [0x00000000d6b00000, 0x00000000db300000, 0x0000000100000000)
  eden space 31744K, 100% used [0x00000000d6b00000,0x00000000d8a00000,0x00000000d8a00000)
  from space 5120K, 99% used [0x00000000d8a00000,0x00000000d8efc578,0x00000000d8f00000)
  to   space 5120K, 0% used [0x00000000dae00000,0x00000000dae00000,0x00000000db300000)
 ParOldGen       total 84992K, used 2584K [0x0000000084000000, 0x0000000089300000, 0x00000000d6b00000)
  object space 84992K, 3% used [0x0000000084000000,0x00000000842861a8,0x0000000089300000)
 Metaspace       used 10044K, capacity 10204K, committed 10368K, reserved 1058816K
  class space    used 1195K, capacity 1288K, committed 1408K, reserved 1048576K
Event: 0.975 GC heap after
Heap after GC invocations=2 (full 0):
 PSYoungGen      total 68608K, used 5111K [0x00000000d6b00000, 0x00000000db300000, 0x0000000100000000)
  eden space 63488K, 0% used [0x00000000d6b00000,0x00000000d6b00000,0x00000000da900000)
  from space 5120K, 99% used [0x00000000dae00000,0x00000000db2fded8,0x00000000db300000)
  to   space 5120K, 0% used [0x00000000da900000,0x00000000da900000,0x00000000dae00000)
 ParOldGen       total 84992K, used 9478K [0x0000000084000000, 0x0000000089300000, 0x00000000d6b00000)
  object space 84992K, 11% used [0x0000000084000000,0x0000000084941ac0,0x0000000089300000)
 Metaspace       used 10044K, capacity 10204K, committed 10368K, reserved 1058816K
  class space    used 1195K, capacity 1288K, committed 1408K, reserved 1048576K
}
Event: 1.653 GC heap before
{Heap before GC invocations=3 (full 0):
 PSYoungGen      total 68608K, used 68599K [0x00000000d6b00000, 0x00000000db300000, 0x0000000100000000)
  eden space 63488K, 100% used [0x00000000d6b00000,0x00000000da900000,0x00000000da900000)
  from space 5120K, 99% used [0x00000000dae00000,0x00000000db2fded8,0x00000000db300000)
  to   space 5120K, 0% used [0x00000000da900000,0x00000000da900000,0x00000000dae00000)
 ParOldGen       total 84992K, used 9478K [0x0000000084000000, 0x0000000089300000, 0x00000000d6b00000)
  object space 84992K, 11% used [0x0000000084000000,0x0000000084941ac0,0x0000000089300000)
 Metaspace       used 16913K, capacity 17086K, committed 17408K, reserved 1064960K
  class space    used 2126K, capacity 2227K, committed 2304K, reserved 1048576K
Event: 1.667 GC heap after
Heap after GC invocations=3 (full 0):
 PSYoungGen      total 68608K, used 5111K [0x00000000d6b00000, 0x00000000df100000, 0x0000000100000000)
  eden space 63488K, 0% used [0x00000000d6b00000,0x00000000d6b00000,0x00000000da900000)
  from space 5120K, 99% used [0x00000000da900000,0x00000000dadfdee8,0x00000000dae00000)
  to   space 5120K, 0% used [0x00000000dec00000,0x00000000dec00000,0x00000000df100000)
 ParOldGen       total 84992K, used 21064K [0x0000000084000000, 0x0000000089300000, 0x00000000d6b00000)
  object space 84992K, 24% used [0x0000000084000000,0x0000000085492278,0x0000000089300000)
 Metaspace       used 16913K, capacity 17086K, committed 17408K, reserved 1064960K
  class space    used 2126K, capacity 2227K, committed 2304K, reserved 1048576K
}
Event: 2.457 GC heap before
{Heap before GC invocations=4 (full 0):
 PSYoungGen      total 68608K, used 45398K [0x00000000d6b00000, 0x00000000df100000, 0x0000000100000000)
  eden space 63488K, 63% used [0x00000000d6b00000,0x00000000d9257c28,0x00000000da900000)
  from space 5120K, 99% used [0x00000000da900000,0x00000000dadfdee8,0x00000000dae00000)
  to   space 5120K, 0% used [0x00000000dec00000,0x00000000dec00000,0x00000000df100000)
 ParOldGen       total 84992K, used 21064K [0x0000000084000000, 0x0000000089300000, 0x00000000d6b00000)
  object space 84992K, 24% used [0x0000000084000000,0x0000000085492278,0x0000000089300000)
 Metaspace       used 20817K, capacity 21076K, committed 21248K, reserved 1067008K
  class space    used 2637K, capacity 2726K, committed 2816K, reserved 1048576K
Event: 2.468 GC heap after
Heap after GC invocations=4 (full 0):
 PSYoungGen      total 132096K, used 5111K [0x00000000d6b00000, 0x00000000df100000, 0x0000000100000000)
  eden space 126976K, 0% used [0x00000000d6b00000,0x00000000d6b00000,0x00000000de700000)
  from space 5120K, 99% used [0x00000000dec00000,0x00000000df0fdef8,0x00000000df100000)
  to   space 5120K, 0% used [0x00000000de700000,0x00000000de700000,0x00000000dec00000)
 ParOldGen       total 84992K, used 26951K [0x0000000084000000, 0x0000000089300000, 0x00000000d6b00000)
  object space 84992K, 31% used [0x0000000084000000,0x0000000085a51c28,0x0000000089300000)
 Metaspace       used 20817K, capacity 21076K, committed 21248K, reserved 1067008K
  class space    used 2637K, capacity 2726K, committed 2816K, reserved 1048576K
}
Event: 2.469 GC heap before
{Heap before GC invocations=5 (full 1):
 PSYoungGen      total 132096K, used 5111K [0x00000000d6b00000, 0x00000000df100000, 0x0000000100000000)
  eden space 126976K, 0% used [0x00000000d6b00000,0x00000000d6b00000,0x00000000de700000)
  from space 5120K, 99% used [0x00000000dec00000,0x00000000df0fdef8,0x00000000df100000)
  to   space 5120K, 0% used [0x00000000de700000,0x00000000de700000,0x00000000dec00000)
 ParOldGen       total 84992K, used 26951K [0x0000000084000000, 0x0000000089300000, 0x00000000d6b00000)
  object space 84992K, 31% used [0x0000000084000000,0x0000000085a51c28,0x0000000089300000)
 Metaspace       used 20817K, capacity 21076K, committed 21248K, reserved 1067008K
  class space    used 2637K, capacity 2726K, committed 2816K, reserved 1048576K
Event: 2.525 GC heap after
Heap after GC invocations=5 (full 1):
 PSYoungGen      total 132096K, used 0K [0x00000000d6b00000, 0x00000000df100000, 0x0000000100000000)
  eden space 126976K, 0% used [0x00000000d6b00000,0x00000000d6b00000,0x00000000de700000)
  from space 5120K, 0% used [0x00000000dec00000,0x00000000dec00000,0x00000000df100000)
  to   space 5120K, 0% used [0x00000000de700000,0x00000000de700000,0x00000000dec00000)
 ParOldGen       total 84480K, used 23644K [0x0000000084000000, 0x0000000089280000, 0x00000000d6b00000)
  object space 84480K, 27% used [0x0000000084000000,0x00000000857173c8,0x0000000089280000)
 Metaspace       used 20817K, capacity 21076K, committed 21248K, reserved 1067008K
  class space    used 2637K, capacity 2726K, committed 2816K, reserved 1048576K
}

Deoptimization events (10 events):
Event: 2.122 Thread 0x0000020a4494d800 Uncommon trap: reason=class_check action=maybe_recompile pc=0x0000020a46890628 method=org.eclipse.xtext.nodemodel.impl.NodeModelBuilder.addChild(Lorg/eclipse/xtext/nodemodel/ICompositeNode;Lorg/eclipse/xtext/nodemodel/impl/AbstractNode;)V @ 6
Event: 2.122 Thread 0x0000020a4494d800 Uncommon trap: reason=unstable_if action=reinterpret pc=0x0000020a468f45f0 method=java.util.HashMap.computeIfAbsent(Ljava/lang/Object;Ljava/util/function/Function;)Ljava/lang/Object; @ 44
Event: 2.140 Thread 0x0000020a4494d800 Uncommon trap: reason=class_check action=maybe_recompile pc=0x0000020a46890628 method=org.eclipse.xtext.nodemodel.impl.NodeModelBuilder.addChild(Lorg/eclipse/xtext/nodemodel/ICompositeNode;Lorg/eclipse/xtext/nodemodel/impl/AbstractNode;)V @ 6
Event: 2.147 Thread 0x0000020a4494d800 Uncommon trap: reason=class_check action=maybe_recompile pc=0x0000020a468af03c method=org.eclipse.xtext.nodemodel.impl.NodeModelBuilder.addChild(Lorg/eclipse/xtext/nodemodel/ICompositeNode;Lorg/eclipse/xtext/nodemodel/impl/AbstractNode;)V @ 6
Event: 2.271 Thread 0x0000020a4494d800 Uncommon trap: reason=unstable_if action=reinterpret pc=0x0000020a466b2464 method=java.util.concurrent.ConcurrentHashMap.putVal(Ljava/lang/Object;Ljava/lang/Object;Z)Ljava/lang/Object; @ 181
Event: 2.583 Thread 0x0000020a4494d800 Uncommon trap: reason=unstable_if action=reinterpret pc=0x0000020a4650cc04 method=java.io.WinNTFileSystem.normalize(Ljava/lang/String;)Ljava/lang/String; @ 49
Event: 2.603 Thread 0x0000020a4494d800 Uncommon trap: reason=predicate action=maybe_recompile pc=0x0000020a46613698 method=java.lang.String.regionMatches(ZILjava/lang/String;II)Z @ 63
Event: 2.814 Thread 0x0000020a4494d800 Uncommon trap: reason=unstable_if action=reinterpret pc=0x0000020a465745c4 method=java.lang.ThreadLocal$ThreadLocalMap.getEntry(Ljava/lang/ThreadLocal;)Ljava/lang/ThreadLocal$ThreadLocalMap$Entry; @ 29
Event: 3.376 Thread 0x0000020a5c6a2800 Uncommon trap: reason=null_check action=make_not_entrant pc=0x0000020a465539e8 method=java.lang.StringCoding.deref(Ljava/lang/ThreadLocal;)Ljava/lang/Object; @ 4
Event: 3.472 Thread 0x0000020a5c6a2800 Uncommon trap: reason=unstable_if action=reinterpret pc=0x0000020a4631810c method=java.lang.Integer.parseInt(Ljava/lang/String;I)I @ 122

Classes redefined (0 events):
No events

Internal exceptions (10 events):
Event: 2.158 Thread 0x0000020a4494d800 Exception <a 'java/io/FileNotFoundException'> (0x00000000d816e398) thrown at [E:\Jenkins\workspace\temp\workspace\build\src\hotspot\src\share\vm\prims\jni.cpp, line 709]
Event: 2.421 Thread 0x0000020a4494d800 Exception <a 'java/lang/reflect/InvocationTargetException'> (0x00000000d8f45bc8) thrown at [E:\Jenkins\workspace\temp\workspace\build\src\hotspot\src\share\vm\runtime\reflection.cpp, line 1092]
Event: 2.423 Thread 0x0000020a4494d800 Exception <a 'java/lang/reflect/InvocationTargetException'> (0x00000000d8f64b98) thrown at [E:\Jenkins\workspace\temp\workspace\build\src\hotspot\src\share\vm\runtime\reflection.cpp, line 1092]
Event: 2.839 Thread 0x0000020a4494d800 Exception <a 'java/security/PrivilegedActionException'> (0x00000000d72c7898) thrown at [E:\Jenkins\workspace\temp\workspace\build\src\hotspot\src\share\vm\prims\jvm.cpp, line 1514]
Event: 2.839 Thread 0x0000020a4494d800 Exception <a 'java/security/PrivilegedActionException'> (0x00000000d72c8dc8) thrown at [E:\Jenkins\workspace\temp\workspace\build\src\hotspot\src\share\vm\prims\jvm.cpp, line 1514]
Event: 2.839 Thread 0x0000020a4494d800 Exception <a 'java/security/PrivilegedActionException'> (0x00000000d72ca1f8) thrown at [E:\Jenkins\workspace\temp\workspace\build\src\hotspot\src\share\vm\prims\jvm.cpp, line 1514]
Event: 2.839 Thread 0x0000020a4494d800 Exception <a 'java/security/PrivilegedActionException'> (0x00000000d72cb8b8) thrown at [E:\Jenkins\workspace\temp\workspace\build\src\hotspot\src\share\vm\prims\jvm.cpp, line 1514]
Event: 2.839 Thread 0x0000020a4494d800 Exception <a 'java/security/PrivilegedActionException'> (0x00000000d72cccb0) thrown at [E:\Jenkins\workspace\temp\workspace\build\src\hotspot\src\share\vm\prims\jvm.cpp, line 1514]
Event: 2.839 Thread 0x0000020a4494d800 Exception <a 'java/security/PrivilegedActionException'> (0x00000000d72ce078) thrown at [E:\Jenkins\workspace\temp\workspace\build\src\hotspot\src\share\vm\prims\jvm.cpp, line 1514]
Event: 3.376 Thread 0x0000020a5c6a2800 Implicit null exception at 0x0000020a46553176 to 0x0000020a465539cd

Events (10 events):
Event: 3.653 Thread 0x0000020a5c6a2800 Thread exited: 0x0000020a5c6a2800
Event: 3.653 loading class org/uqbar/project/wollok/interpreter/WollokInterpreter$3
Event: 3.654 loading class org/uqbar/project/wollok/interpreter/WollokInterpreter$3 done
Event: 3.655 loading class java/util/IdentityHashMap$KeyIterator
Event: 3.655 loading class java/util/IdentityHashMap$KeyIterator done
Event: 3.655 Thread 0x0000020a5c69e800 Thread added: 0x0000020a5c69e800
Event: 3.655 Thread 0x0000020a5c69d800 Thread added: 0x0000020a5c69d800
Event: 3.656 Thread 0x0000020a5c69d800 Thread exited: 0x0000020a5c69d800
Event: 3.671 Thread 0x0000020a5c69e800 Thread exited: 0x0000020a5c69e800
Event: 3.673 Executing VM operation: Exit


Dynamic libraries:
0x00007ff710750000 - 0x00007ff7107a1000 	C:\Program Files\Eclipse Adoptium\jdk-8.0.402.6-hotspot\bin\javaw.exe
0x00007ffcb0df0000 - 0x00007ffcb1007000 	C:\WINDOWS\SYSTEM32\ntdll.dll
0x00007ffcafde0000 - 0x00007ffcafea4000 	C:\WINDOWS\System32\KERNEL32.DLL
0x00007ffcae410000 - 0x00007ffcae7bc000 	C:\WINDOWS\System32\KERNELBASE.dll
0x00007ffcaf7f0000 - 0x00007ffcaf8a2000 	C:\WINDOWS\System32\ADVAPI32.dll
0x00007ffcb0340000 - 0x00007ffcb03e7000 	C:\WINDOWS\System32\msvcrt.dll
0x00007ffcb0280000 - 0x00007ffcb032a000 	C:\WINDOWS\System32\sechost.dll
0x00007ffcae840000 - 0x00007ffcae868000 	C:\WINDOWS\System32\bcrypt.dll
0x00007ffcaffb0000 - 0x00007ffcb00c5000 	C:\WINDOWS\System32\RPCRT4.dll
0x00007ffcaf4b0000 - 0x00007ffcaf65e000 	C:\WINDOWS\System32\USER32.dll
0x00007ffcae990000 - 0x00007ffcae9b6000 	C:\WINDOWS\System32\win32u.dll
0x00007ffcafb90000 - 0x00007ffcafbb9000 	C:\WINDOWS\System32\GDI32.dll
0x00007ffcae870000 - 0x00007ffcae989000 	C:\WINDOWS\System32\gdi32full.dll
0x00007ffcae120000 - 0x00007ffcae1ba000 	C:\WINDOWS\System32\msvcp_win.dll
0x00007ffcae280000 - 0x00007ffcae391000 	C:\WINDOWS\System32\ucrtbase.dll
0x00007ffc99bf0000 - 0x00007ffc99e83000 	C:\WINDOWS\WinSxS\amd64_microsoft.windows.common-controls_6595b64144ccf1df_6.0.22621.3672_none_2713b9d173822955\COMCTL32.dll
0x00007ffcafd90000 - 0x00007ffcafdc1000 	C:\WINDOWS\System32\IMM32.DLL
0x00007ffc92ad0000 - 0x00007ffc92ae5000 	C:\Program Files\Eclipse Adoptium\jdk-8.0.402.6-hotspot\jre\bin\vcruntime140.dll
0x00007ffc769a0000 - 0x00007ffc76a3b000 	C:\Program Files\Eclipse Adoptium\jdk-8.0.402.6-hotspot\jre\bin\msvcp140.dll
0x0000000059a50000 - 0x000000005a2a9000 	C:\Program Files\Eclipse Adoptium\jdk-8.0.402.6-hotspot\jre\bin\server\jvm.dll
0x00007ffcb0330000 - 0x00007ffcb0338000 	C:\WINDOWS\System32\PSAPI.DLL
0x00007ffca8f60000 - 0x00007ffca8f69000 	C:\WINDOWS\SYSTEM32\WSOCK32.dll
0x00007ffcb0d30000 - 0x00007ffcb0da1000 	C:\WINDOWS\System32\WS2_32.dll
0x00007ffc9b180000 - 0x00007ffc9b1b4000 	C:\WINDOWS\SYSTEM32\WINMM.dll
0x00007ffcaa710000 - 0x00007ffcaa71a000 	C:\WINDOWS\SYSTEM32\VERSION.dll
0x00007ffcad150000 - 0x00007ffcad168000 	C:\WINDOWS\SYSTEM32\kernel.appcore.dll
0x00007ffcaafd0000 - 0x00007ffcaafe0000 	C:\Program Files\Eclipse Adoptium\jdk-8.0.402.6-hotspot\jre\bin\verify.dll
0x00007ffca1fd0000 - 0x00007ffca1ffb000 	C:\Program Files\Eclipse Adoptium\jdk-8.0.402.6-hotspot\jre\bin\java.dll
0x00007ffca21c0000 - 0x00007ffca21d8000 	C:\Program Files\Eclipse Adoptium\jdk-8.0.402.6-hotspot\jre\bin\zip.dll
0x00007ffcb0480000 - 0x00007ffcb0cdc000 	C:\WINDOWS\System32\SHELL32.dll
0x00007ffcac070000 - 0x00007ffcac967000 	C:\WINDOWS\SYSTEM32\windows.storage.dll
0x00007ffcaf120000 - 0x00007ffcaf4a8000 	C:\WINDOWS\System32\combase.dll
0x00007ffcabf30000 - 0x00007ffcac06f000 	C:\WINDOWS\SYSTEM32\wintypes.dll
0x00007ffcaf930000 - 0x00007ffcafa24000 	C:\WINDOWS\System32\SHCORE.dll
0x00007ffcaf670000 - 0x00007ffcaf6ce000 	C:\WINDOWS\System32\shlwapi.dll
0x00007ffcae050000 - 0x00007ffcae071000 	C:\WINDOWS\SYSTEM32\profapi.dll
0x0000000065580000 - 0x0000000065616000 	C:\Users\zeta_\AppData\Local\Temp\libgdxzeta_\12dfaa03\gdx64.dll
0x00007ffcad830000 - 0x00007ffcad84b000 	C:\WINDOWS\SYSTEM32\CRYPTSP.dll
0x00007ffcad0b0000 - 0x00007ffcad0e5000 	C:\WINDOWS\system32\rsaenh.dll
0x00007ffcad6c0000 - 0x00007ffcad6e8000 	C:\WINDOWS\SYSTEM32\USERENV.dll
0x00007ffcae7c0000 - 0x00007ffcae83b000 	C:\WINDOWS\System32\bcryptprimitives.dll
0x00007ffcad820000 - 0x00007ffcad82c000 	C:\WINDOWS\SYSTEM32\CRYPTBASE.dll
0x00007ffca1870000 - 0x00007ffca188c000 	C:\Program Files\Eclipse Adoptium\jdk-8.0.402.6-hotspot\jre\bin\net.dll
0x00007ffcad5c0000 - 0x00007ffcad629000 	C:\WINDOWS\system32\mswsock.dll
0x00007ffcacbd0000 - 0x00007ffcacbfd000 	C:\WINDOWS\SYSTEM32\IPHLPAPI.DLL
0x00007ffcafd80000 - 0x00007ffcafd89000 	C:\WINDOWS\System32\NSI.dll
0x00007ffcaa720000 - 0x00007ffcaa739000 	C:\WINDOWS\SYSTEM32\dhcpcsvc6.DLL
0x00007ffcaa530000 - 0x00007ffcaa54f000 	C:\WINDOWS\SYSTEM32\dhcpcsvc.DLL
0x00007ffcacc90000 - 0x00007ffcacd88000 	C:\WINDOWS\SYSTEM32\DNSAPI.dll
0x00007ffc9a250000 - 0x00007ffc9a263000 	C:\Program Files\Eclipse Adoptium\jdk-8.0.402.6-hotspot\jre\bin\nio.dll
0x0000000180000000 - 0x0000000180053000 	C:\Users\zeta_\AppData\Local\Temp\libgdxzeta_\dc0f0009\lwjgl64.dll
0x00007ffca2690000 - 0x00007ffca2790000 	C:\WINDOWS\SYSTEM32\OPENGL32.dll
0x00007ffca7f80000 - 0x00007ffca7fad000 	C:\WINDOWS\SYSTEM32\GLU32.dll
0x00007ffcab3a0000 - 0x00007ffcab3d9000 	C:\WINDOWS\SYSTEM32\dxcore.dll
0x0000020a5f3a0000 - 0x0000020a5f404000 	C:\Users\zeta_\AppData\Local\Temp\libgdxzeta_\dc0f0009\OpenAL64.dll
0x00007ffcb00d0000 - 0x00007ffcb0275000 	C:\WINDOWS\System32\ole32.dll
0x00007ffcab2a0000 - 0x00007ffcab34a000 	C:\WINDOWS\system32\uxtheme.dll
0x00007ffcaefb0000 - 0x00007ffcaf060000 	C:\WINDOWS\System32\clbcatq.dll
0x00007ffc716d0000 - 0x00007ffc71772000 	C:\WINDOWS\SYSTEM32\dsound.dll
0x00007ffcadfe0000 - 0x00007ffcae02d000 	C:\WINDOWS\SYSTEM32\powrprof.dll
0x00007ffc97bc0000 - 0x00007ffc97be9000 	C:\WINDOWS\SYSTEM32\winmmbase.dll
0x00007ffc71610000 - 0x00007ffc716c1000 	C:\WINDOWS\SYSTEM32\ResampleDmo.DLL
0x00007ffcafeb0000 - 0x00007ffcaff87000 	C:\WINDOWS\System32\OLEAUT32.dll
0x00007ffca22f0000 - 0x00007ffca22fb000 	C:\WINDOWS\SYSTEM32\msdmo.dll
0x00007ffcadfc0000 - 0x00007ffcadfd3000 	C:\WINDOWS\SYSTEM32\UMPDC.dll
0x00007ffca7320000 - 0x00007ffca73bd000 	C:\WINDOWS\System32\MMDevApi.dll
0x00007ffcadce0000 - 0x00007ffcadd0c000 	C:\WINDOWS\System32\DEVOBJ.dll
0x00007ffcadd10000 - 0x00007ffcadd5e000 	C:\WINDOWS\System32\CFGMGR32.dll
0x00007ffc9cf20000 - 0x00007ffc9d10c000 	C:\WINDOWS\SYSTEM32\AUDIOSES.DLL
0x00007ffcab760000 - 0x00007ffcab775000 	C:\WINDOWS\SYSTEM32\resourcepolicyclient.dll
0x00007ffcaa9e0000 - 0x00007ffcaaa9c000 	C:\WINDOWS\SYSTEM32\mscms.dll
0x00007ffca4980000 - 0x00007ffca49ce000 	C:\Windows\System32\Windows.Internal.Graphics.Display.DisplayColorManagement.dll
0x00007ffcafa30000 - 0x00007ffcafb83000 	C:\WINDOWS\System32\MSCTF.dll
0x00007ffca72c0000 - 0x00007ffca7309000 	C:\WINDOWS\SYSTEM32\directxdatabasehelper.dll
0x00007ffca7180000 - 0x00007ffca72be000 	C:\Windows\System32\AppXDeploymentClient.dll
0x00007ffc704f0000 - 0x00007ffc7160a000 	C:\WINDOWS\System32\DriverStore\FileRepository\iigd_dch.inf_amd64_2a338cd7e65b34c8\ig11icd64.dll
0x00007ffcab6e0000 - 0x00007ffcab70b000 	C:\WINDOWS\system32\dwmapi.dll
0x00007ffcab4e0000 - 0x00007ffcab5d7000 	C:\WINDOWS\system32\dxgi.dll
0x00007ffc703c0000 - 0x00007ffc704ec000 	C:\WINDOWS\System32\DriverStore\FileRepository\iigd_dch.inf_amd64_2a338cd7e65b34c8\igdml64.dll
0x00007ffca39b0000 - 0x00007ffca3db9000 	C:\WINDOWS\System32\DriverStore\FileRepository\iigd_dch.inf_amd64_2a338cd7e65b34c8\igdgmm64.dll
0x00007ffc9d970000 - 0x00007ffc9dabd000 	C:\WINDOWS\SYSTEM32\textinputframework.dll
0x00007ffca9e10000 - 0x00007ffca9f43000 	C:\WINDOWS\SYSTEM32\CoreMessaging.dll
0x00007ffca69a0000 - 0x00007ffca6d0d000 	C:\WINDOWS\SYSTEM32\CoreUIComponents.dll
0x00007ffc2e040000 - 0x00007ffc2e089000 	C:\WINDOWS\SYSTEM32\icm32.dll
0x00007ffc9dac0000 - 0x00007ffca1254000 	C:\WINDOWS\System32\DriverStore\FileRepository\iigd_dch.inf_amd64_2a338cd7e65b34c8\igc64.dll
0x00007ffcabaa0000 - 0x00007ffcabcd2000 	C:\WINDOWS\SYSTEM32\dbghelp.dll

VM Arguments:
jvm_args: -Duser.language=es_AR -Dfile.encoding=UTF-8 
java_command: org.uqbar.project.wollok.launch.WollokLauncher -requestsPort 0 -eventsPort 0 -folder -dontValidate -wf src/jugar.wpgm
java_class_path (initial): C:\Program Files (x86)\wollok-win32.win32.x86_64\workspace\juego\bin;C:\Program Files (x86)\wollok-win32.win32.x86_64\plugins\com.ibm.icu_64.2.0.v20190507-1337.jar;C:\Program Files (x86)\wollok-win32.win32.x86_64\plugins\org.eclipse.xtext_2.20.0.v20191202-0915.jar;C:\Program Files (x86)\wollok-win32.win32.x86_64\plugins\org.eclipse.emf.ecore.xmi_2.16.0.v20190528-0725.jar;C:\Program Files (x86)\wollok-win32.win32.x86_64\plugins\org.eclipse.emf.ecore_2.20.0.v20190920-0401.jar;C:\Program Files (x86)\wollok-win32.win32.x86_64\plugins\org.eclipse.emf.common_2.17.0.v20190920-0401.jar;C:\Program Files (x86)\wollok-win32.win32.x86_64\plugins\org.antlr.runtime_3.2.0.v201101311130.jar;C:\Program Files (x86)\wollok-win32.win32.x86_64\plugins\com.google.inject_3.0.0.v201605172100.jar;C:\Program Files (x86)\wollok-win32.win32.x86_64\plugins\org.eclipse.emf.mwe.core_1.5.1.v20191121-1148.jar;C:\Program Files (x86)\wollok-win32.win32.x86_64\plugins\org.apache.commons.cli_1.2.0.v201404270220.jar;C:\Program Files (x86)\wollok-win32.win32.x86_64\plugins\org.eclipse.emf.mwe2.runtime_2.11.1.v20191121-1148.jar;C:\Program Files (x86)\wollok-win32.win32.x86_64\plugins\org.eclipse.emf.mwe.utils_1.5.1.v20191121-1148.jar;C:\Program Files (x86)\wollok-win32.win32.x86_64\plugins\org.eclipse.xtext.util_2.20.0.v20191202-0915.jar;C:\Program Files (x86)\wollok-win32.win32.x86_64\plugins\com.google.guava_27.1.0.v20190517-1946.jar;C:\Program Files (x86)\wollok-win32.win32.x86_64\plugins\javax.inject_1.0.0.v20091030.jar;C:\Program Files (x86)\wollok-win32.win32.x86_64\plugins\org.eclipse.xtext.generator_2.20.0.v20191202-0933.jar;C:\Program Files (x86)\wollok-win32.win32.x86_64\plugins\org.eclipse.xtext.xtext.generator_2.20.0.v20191202-0915.jar;C:\Program Files (x86)\wollok-win32.win32.x86_64\plugins\org.eclipse.xtext.xbase.lib_2.20.0.v20191202-0907.jar;C:\Program Files (x86)\wollok-win32.win32.x86_64\plugins\org.eclipse.emf.codegen.ecore_2.20.0.v20191012-0918.jar;C:\Progra
Launcher Type: SUN_STANDARD

Environment Variables:
JAVA_HOME=C:\Program Files\Eclipse Adoptium\jdk-8.0.402.6-hotspot\
PATH=C:/Program Files/Eclipse Adoptium/jdk-8.0.402.6-hotspot/bin/../jre/bin/server;C:/Program Files/Eclipse Adoptium/jdk-8.0.402.6-hotspot/bin/../jre/bin;C:/Program Files/Eclipse Adoptium/jdk-8.0.402.6-hotspot/bin/../jre/lib/amd64;C:\Program Files\Eclipse Adoptium\jdk-8.0.402.6-hotspot\bin;C:\Python311\Scripts\;C:\Python311\;C:\WINDOWS\system32;C:\WINDOWS;C:\WINDOWS\System32\Wbem;C:\WINDOWS\System32\WindowsPowerShell\v1.0\;C:\WINDOWS\System32\OpenSSH\;C:\Program Files\nodejs\;C:\ProgramData\chocolatey\bin;C:\Program Files\Git\cmd;C:\Users\zeta_\AppData\Local\Microsoft\WindowsApps;;C:\Users\zeta_\AppData\Local\Programs\Microsoft VS Code\bin;C:\Users\zeta_\AppData\Roaming\npm;C:\Program Files (x86)\wollok-win32.win32.x86_64;
USERNAME=zeta_
OS=Windows_NT
PROCESSOR_IDENTIFIER=Intel64 Family 6 Model 126 Stepping 5, GenuineIntel



---------------  S Y S T E M  ---------------

OS: Windows 11 , 64 bit Build 22621 (10.0.22621.3672)

CPU:total 4 (initial active 4) (2 cores per cpu, 2 threads per core) family 6 model 126 stepping 5, cmov, cx8, fxsr, mmx, sse, sse2, sse3, ssse3, sse4.1, sse4.2, popcnt, avx, avx2, aes, clmul, erms, 3dnowpref, lzcnt, ht, tsc, tscinvbit, bmi1, bmi2, adx

Memory: 4k page, physical 8121176k(2193640k free), swap 12118916k(1565600k free)

vm_info: OpenJDK 64-Bit Server VM (25.402-b06) for windows-amd64 JRE (1.8.0_402-b06), built on Jan 16 2024 21:53:06 by "jenkins" with MS VC++ 15.9 (VS2017)

time: Sat Jul  6 09:01:37 2024
timezone: Hora estándar de Argentina
elapsed time: 3.830710 seconds (0d 0h 0m 3s)

